-- The C compiler identification is GNU 9.4.0
-- The CXX compiler identification is GNU 9.4.0
-- Check for working C compiler: /usr/bin/cc
-- Check for working C compiler: /usr/bin/cc -- works
-- Detecting C compiler ABI info
-- Detecting C compiler ABI info - done
-- Detecting C compile features
-- Detecting C compile features - done
-- Check for working CXX compiler: /usr/bin/c++
-- Check for working CXX compiler: /usr/bin/c++ -- works
-- Detecting CXX compiler ABI info
-- Detecting CXX compiler ABI info - done
-- Detecting CXX compile features
-- Detecting CXX compile features - done
-- Using CATKIN_DEVEL_PREFIX: /home/takumi/tc_ws/src/orne-box/build/orne_box_description/devel
-- Using CMAKE_PREFIX_PATH: /home/takumi/tc_ws/devel;/opt/ros/noetic
-- This workspace overlays: /home/takumi/tc_ws/devel;/opt/ros/noetic
-- Found PythonInterp: /usr/bin/python3 (found suitable version "3.8.10", minimum required is "3") 
-- Using PYTHON_EXECUTABLE: /usr/bin/python3
-- Using Debian Python package layout
-- Found PY_em: /usr/lib/python3/dist-packages/em.py  
-- Using empy: /usr/lib/python3/dist-packages/em.py
-- Using CATKIN_ENABLE_TESTING: ON
-- Call enable_testing()
-- Using CATKIN_TEST_RESULTS_DIR: /home/takumi/tc_ws/src/orne-box/build/orne_box_description/test_results
-- Forcing gtest/gmock from source, though one was otherwise available.
-- Found gtest sources under '/usr/src/googletest': gtests will be built
-- Found gmock sources under '/usr/src/googletest': gmock will be built
-- Found PythonInterp: /usr/bin/python3 (found version "3.8.10") 
-- Found Threads: TRUE  
-- Using Python nosetests: /usr/bin/nosetests3
-- catkin 0.8.10
-- BUILD_SHARED_LIBS is on
-- Configuring done
-- Generating done
-- Build files have been written to: /home/takumi/tc_ws/src/orne-box/build/orne_box_description
[35m[1mScanning dependencies of target orne_box_description_xacro_generated_to_devel_space_[0m
Built target orne_box_description_xacro_generated_to_devel_space_
[35m[1mScanning dependencies of target tests[0m
Built target tests
-- Install configuration: ""
-- Installing: /home/takumi/tc_ws/src/orne-box/install/orne_box_description/lib/pkgconfig/orne_box_description.pc
-- Installing: /home/takumi/tc_ws/src/orne-box/install/orne_box_description/share/orne_box_description/cmake/orne_box_descriptionConfig.cmake
-- Installing: /home/takumi/tc_ws/src/orne-box/install/orne_box_description/share/orne_box_description/cmake/orne_box_descriptionConfig-version.cmake
-- Installing: /home/takumi/tc_ws/src/orne-box/install/orne_box_description/share/orne_box_description/package.xml
-- Installing: /home/takumi/tc_ws/src/orne-box/install/orne_box_description/share/orne_box_description/rviz
-- Installing: /home/takumi/tc_ws/src/orne-box/install/orne_box_description/share/orne_box_description/rviz/model.rviz
-- Installing: /home/takumi/tc_ws/src/orne-box/install/orne_box_description/share/orne_box_description/urdf
-- Installing: /home/takumi/tc_ws/src/orne-box/install/orne_box_description/share/orne_box_description/urdf/orne_box.urdf.xacro
-- Installing: /home/takumi/tc_ws/src/orne-box/install/orne_box_description/share/orne_box_description/urdf/joints
-- Installing: /home/takumi/tc_ws/src/orne-box/install/orne_box_description/share/orne_box_description/urdf/joints/caster_wheel_joint.urdf.xacro
-- Installing: /home/takumi/tc_ws/src/orne-box/install/orne_box_description/share/orne_box_description/urdf/joints/wheel_joint.urdf.xacro
-- Installing: /home/takumi/tc_ws/src/orne-box/install/orne_box_description/share/orne_box_description/urdf/joints/caster_swivel_joint.urdf.xacro
-- Installing: /home/takumi/tc_ws/src/orne-box/install/orne_box_description/share/orne_box_description/urdf/sensors
-- Installing: /home/takumi/tc_ws/src/orne-box/install/orne_box_description/share/orne_box_description/urdf/sensors/camera.urdf.xacro
-- Installing: /home/takumi/tc_ws/src/orne-box/install/orne_box_description/share/orne_box_description/urdf/sensors/imu.urdf.xacro
-- Installing: /home/takumi/tc_ws/src/orne-box/install/orne_box_description/share/orne_box_description/urdf/sensors/hokuyo.urdf.xacro
-- Installing: /home/takumi/tc_ws/src/orne-box/install/orne_box_description/share/orne_box_description/urdf/sensors/gnss.urdf.xacro
-- Installing: /home/takumi/tc_ws/src/orne-box/install/orne_box_description/share/orne_box_description/urdf/orne_box_3d_lidar.urdf.xacro
-- Installing: /home/takumi/tc_ws/src/orne-box/install/orne_box_description/share/orne_box_description/urdf/material_colors.xacro
-- Installing: /home/takumi/tc_ws/src/orne-box/install/orne_box_description/share/orne_box_description/urdf/links
-- Installing: /home/takumi/tc_ws/src/orne-box/install/orne_box_description/share/orne_box_description/urdf/links/wheel_link.urdf.xacro
-- Installing: /home/takumi/tc_ws/src/orne-box/install/orne_box_description/share/orne_box_description/urdf/links/caster_swivel_link.urdf.xacro
-- Installing: /home/takumi/tc_ws/src/orne-box/install/orne_box_description/share/orne_box_description/urdf/links/caster_wheel_link.urdf.xacro
-- Installing: /home/takumi/tc_ws/src/orne-box/install/orne_box_description/share/orne_box_description/urdf/links/base_link.urdf.xacro
-- Installing: /home/takumi/tc_ws/src/orne-box/install/orne_box_description/share/orne_box_description/urdf/orne_box.gazebo.xacro
