[0.133s] Invoking command in '/home/takumi/tc_ws/src/orne-box/build/orne_box_setup': /usr/bin/cmake /home/takumi/tc_ws/src/orne-box/orne_box_setup -DCATKIN_INSTALL_INTO_PREFIX_ROOT=0 -DCMAKE_INSTALL_PREFIX=/home/takumi/tc_ws/src/orne-box/install/orne_box_setup
[0.293s] -- The C compiler identification is GNU 9.4.0
[0.452s] -- The CXX compiler identification is GNU 9.4.0
[0.461s] -- Check for working C compiler: /usr/bin/cc
[0.542s] -- Check for working C compiler: /usr/bin/cc -- works
[0.543s] -- Detecting C compiler ABI info
[0.621s] -- Detecting C compiler ABI info - done
[0.650s] -- Detecting C compile features
[0.651s] -- Detecting C compile features - done
[0.658s] -- Check for working CXX compiler: /usr/bin/c++
[0.758s] -- Check for working CXX compiler: /usr/bin/c++ -- works
[0.760s] -- Detecting CXX compiler ABI info
[0.864s] -- Detecting CXX compiler ABI info - done
[0.883s] -- Detecting CXX compile features
[0.884s] -- Detecting CXX compile features - done
[0.886s] -- Using CATKIN_DEVEL_PREFIX: /home/takumi/tc_ws/src/orne-box/build/orne_box_setup/devel
[0.887s] -- Using CMAKE_PREFIX_PATH: /home/takumi/tc_ws/devel;/opt/ros/noetic
[0.887s] -- This workspace overlays: /home/takumi/tc_ws/devel;/opt/ros/noetic
[0.916s] -- Found PythonInterp: /usr/bin/python3 (found suitable version "3.8.10", minimum required is "3") 
[0.917s] -- Using PYTHON_EXECUTABLE: /usr/bin/python3
[0.917s] -- Using Debian Python package layout
[0.958s] -- Found PY_em: /usr/lib/python3/dist-packages/em.py  
[0.958s] -- Using empy: /usr/lib/python3/dist-packages/em.py
[1.126s] -- Using CATKIN_ENABLE_TESTING: ON
[1.126s] -- Call enable_testing()
[1.129s] -- Using CATKIN_TEST_RESULTS_DIR: /home/takumi/tc_ws/src/orne-box/build/orne_box_setup/test_results
[1.528s] -- Forcing gtest/gmock from source, though one was otherwise available.
[1.528s] -- Found gtest sources under '/usr/src/googletest': gtests will be built
[1.528s] -- Found gmock sources under '/usr/src/googletest': gmock will be built
[1.561s] -- Found PythonInterp: /usr/bin/python3 (found version "3.8.10") 
[1.564s] -- Found Threads: TRUE  
[1.570s] -- Using Python nosetests: /usr/bin/nosetests3
[1.646s] -- catkin 0.8.10
[1.647s] -- BUILD_SHARED_LIBS is on
[2.031s] -- Configuring done
[2.039s] -- Generating done
[2.041s] -- Build files have been written to: /home/takumi/tc_ws/src/orne-box/build/orne_box_setup
[2.048s] Invoked command in '/home/takumi/tc_ws/src/orne-box/build/orne_box_setup' returned '0': /usr/bin/cmake /home/takumi/tc_ws/src/orne-box/orne_box_setup -DCATKIN_INSTALL_INTO_PREFIX_ROOT=0 -DCMAKE_INSTALL_PREFIX=/home/takumi/tc_ws/src/orne-box/install/orne_box_setup
[2.052s] Invoking command in '/home/takumi/tc_ws/src/orne-box/build/orne_box_setup': /usr/bin/cmake --build /home/takumi/tc_ws/src/orne-box/build/orne_box_setup -- -j8 -l8
[2.096s] Invoked command in '/home/takumi/tc_ws/src/orne-box/build/orne_box_setup' returned '0': /usr/bin/cmake --build /home/takumi/tc_ws/src/orne-box/build/orne_box_setup -- -j8 -l8
[2.127s] Invoking command in '/home/takumi/tc_ws/src/orne-box/build/orne_box_setup': /usr/bin/cmake --build /home/takumi/tc_ws/src/orne-box/build/orne_box_setup --target tests -- -j8 -l8
[2.185s] [35m[1mScanning dependencies of target tests[0m
[2.197s] Built target tests
[2.209s] Invoked command in '/home/takumi/tc_ws/src/orne-box/build/orne_box_setup' returned '0': /usr/bin/cmake --build /home/takumi/tc_ws/src/orne-box/build/orne_box_setup --target tests -- -j8 -l8
[2.252s] Invoking command in '/home/takumi/tc_ws/src/orne-box/build/orne_box_setup': /usr/bin/cmake --install /home/takumi/tc_ws/src/orne-box/build/orne_box_setup
[2.262s] -- Install configuration: ""
[2.262s] -- Installing: /home/takumi/tc_ws/src/orne-box/install/orne_box_setup/lib/pkgconfig/orne_box_setup.pc
[2.263s] -- Installing: /home/takumi/tc_ws/src/orne-box/install/orne_box_setup/share/orne_box_setup/cmake/orne_box_setupConfig.cmake
[2.263s] -- Installing: /home/takumi/tc_ws/src/orne-box/install/orne_box_setup/share/orne_box_setup/cmake/orne_box_setupConfig-version.cmake
[2.263s] -- Installing: /home/takumi/tc_ws/src/orne-box/install/orne_box_setup/share/orne_box_setup/package.xml
[2.263s] -- Installing: /home/takumi/tc_ws/src/orne-box/install/orne_box_setup/share/orne_box_setup/scripts/create_udev_rules
[2.263s] -- Installing: /home/takumi/tc_ws/src/orne-box/install/orne_box_setup/share/orne_box_setup/config/70-sensors.rules
[2.266s] Invoked command in '/home/takumi/tc_ws/src/orne-box/build/orne_box_setup' returned '0': /usr/bin/cmake --install /home/takumi/tc_ws/src/orne-box/build/orne_box_setup
