[0.237s] Invoking command in '/home/takumi/tc_ws/src/orne-box/build/orne_box_navigation_executor': /usr/bin/cmake /home/takumi/tc_ws/src/orne-box/orne_box_navigation_executor -DCATKIN_INSTALL_INTO_PREFIX_ROOT=0 -DCMAKE_INSTALL_PREFIX=/home/takumi/tc_ws/src/orne-box/install/orne_box_navigation_executor
[0.401s] -- The C compiler identification is GNU 9.4.0
[0.560s] -- The CXX compiler identification is GNU 9.4.0
[0.570s] -- Check for working C compiler: /usr/bin/cc
[0.647s] -- Check for working C compiler: /usr/bin/cc -- works
[0.649s] -- Detecting C compiler ABI info
[0.730s] -- Detecting C compiler ABI info - done
[0.746s] -- Detecting C compile features
[0.747s] -- Detecting C compile features - done
[0.752s] -- Check for working CXX compiler: /usr/bin/c++
[0.844s] -- Check for working CXX compiler: /usr/bin/c++ -- works
[0.845s] -- Detecting CXX compiler ABI info
[0.944s] -- Detecting CXX compiler ABI info - done
[0.962s] -- Detecting CXX compile features
[0.963s] -- Detecting CXX compile features - done
[0.967s] -- Using CATKIN_DEVEL_PREFIX: /home/takumi/tc_ws/src/orne-box/build/orne_box_navigation_executor/devel
[0.967s] -- Using CMAKE_PREFIX_PATH: /home/takumi/tc_ws/devel;/opt/ros/noetic
[0.967s] -- This workspace overlays: /home/takumi/tc_ws/devel;/opt/ros/noetic
[1.001s] -- Found PythonInterp: /usr/bin/python3 (found suitable version "3.8.10", minimum required is "3") 
[1.001s] -- Using PYTHON_EXECUTABLE: /usr/bin/python3
[1.001s] -- Using Debian Python package layout
[1.045s] -- Found PY_em: /usr/lib/python3/dist-packages/em.py  
[1.045s] -- Using empy: /usr/lib/python3/dist-packages/em.py
[1.212s] -- Using CATKIN_ENABLE_TESTING: ON
[1.212s] -- Call enable_testing()
[1.215s] -- Using CATKIN_TEST_RESULTS_DIR: /home/takumi/tc_ws/src/orne-box/build/orne_box_navigation_executor/test_results
[1.602s] -- Forcing gtest/gmock from source, though one was otherwise available.
[1.602s] -- Found gtest sources under '/usr/src/googletest': gtests will be built
[1.602s] -- Found gmock sources under '/usr/src/googletest': gmock will be built
[1.640s] -- Found PythonInterp: /usr/bin/python3 (found version "3.8.10") 
[1.643s] -- Found Threads: TRUE  
[1.649s] -- Using Python nosetests: /usr/bin/nosetests3
[1.726s] -- catkin 0.8.10
[1.726s] -- BUILD_SHARED_LIBS is on
[1.972s] -- Using these message generators: gencpp;geneus;genlisp;gennodejs;genpy
[2.260s] -- Found PkgConfig: /usr/bin/pkg-config (found version "0.29.1") 
[2.261s] -- Checking for one of the modules 'yaml-cpp'
[2.526s] -- Configuring done
[2.544s] -- Generating done
[2.549s] -- Build files have been written to: /home/takumi/tc_ws/src/orne-box/build/orne_box_navigation_executor
[2.996s] Invoked command in '/home/takumi/tc_ws/src/orne-box/build/orne_box_navigation_executor' returned '0': /usr/bin/cmake /home/takumi/tc_ws/src/orne-box/orne_box_navigation_executor -DCATKIN_INSTALL_INTO_PREFIX_ROOT=0 -DCMAKE_INSTALL_PREFIX=/home/takumi/tc_ws/src/orne-box/install/orne_box_navigation_executor
[2.997s] Invoking command in '/home/takumi/tc_ws/src/orne-box/build/orne_box_navigation_executor': /usr/bin/cmake --build /home/takumi/tc_ws/src/orne-box/build/orne_box_navigation_executor -- -j8 -l8
[3.036s] Invoked command in '/home/takumi/tc_ws/src/orne-box/build/orne_box_navigation_executor' returned '0': /usr/bin/cmake --build /home/takumi/tc_ws/src/orne-box/build/orne_box_navigation_executor -- -j8 -l8
[3.087s] Invoking command in '/home/takumi/tc_ws/src/orne-box/build/orne_box_navigation_executor': /usr/bin/cmake --build /home/takumi/tc_ws/src/orne-box/build/orne_box_navigation_executor --target tests -- -j8 -l8
[3.136s] [35m[1mScanning dependencies of target tests[0m
[3.146s] Built target tests
[3.157s] Invoked command in '/home/takumi/tc_ws/src/orne-box/build/orne_box_navigation_executor' returned '0': /usr/bin/cmake --build /home/takumi/tc_ws/src/orne-box/build/orne_box_navigation_executor --target tests -- -j8 -l8
[3.210s] Invoking command in '/home/takumi/tc_ws/src/orne-box/build/orne_box_navigation_executor': /usr/bin/cmake --install /home/takumi/tc_ws/src/orne-box/build/orne_box_navigation_executor
[3.218s] -- Install configuration: ""
[3.218s] -- Installing: /home/takumi/tc_ws/src/orne-box/install/orne_box_navigation_executor/lib/pkgconfig/orne_box_navigation_executor.pc
[3.218s] -- Installing: /home/takumi/tc_ws/src/orne-box/install/orne_box_navigation_executor/share/orne_box_navigation_executor/cmake/orne_box_navigation_executorConfig.cmake
[3.218s] -- Installing: /home/takumi/tc_ws/src/orne-box/install/orne_box_navigation_executor/share/orne_box_navigation_executor/cmake/orne_box_navigation_executorConfig-version.cmake
[3.218s] -- Installing: /home/takumi/tc_ws/src/orne-box/install/orne_box_navigation_executor/share/orne_box_navigation_executor/package.xml
[3.220s] Invoked command in '/home/takumi/tc_ws/src/orne-box/build/orne_box_navigation_executor' returned '0': /usr/bin/cmake --install /home/takumi/tc_ws/src/orne-box/build/orne_box_navigation_executor
